<?xml version="1.0" encoding="UTF-8"?>
<!-- Generated by org.testng.reporters.JUnitXMLReporter -->
<testsuite ignored="0" hostname="LAPTOP-I1LONDHL" failures="0" tests="3" name="Default test" time="50.556" errors="0" timestamp="2022-10-04T17:16:04 IST">
  <testcase classname="com.saikumar.TestwithAmazon" name="register" time="3.907"/>
  <testcase classname="com.saikumar.TestwithAmazon" name="Login" time="2.743"/>
  <testcase classname="com.saikumar.TestwithAmazon" name="search" time="43.864"/>
</testsuite> <!-- Default test -->
