<?xml version="1.0" encoding="UTF-8"?>
<testng-results ignored="0" total="3" passed="3" failed="0" skipped="0">
  <reporter-output>
  </reporter-output>
  <suite started-at="2022-10-04T17:15:13 IST" name="Default suite" finished-at="2022-10-04T17:16:04 IST" duration-ms="50556">
    <groups>
    </groups>
    <test started-at="2022-10-04T17:15:13 IST" name="Default test" finished-at="2022-10-04T17:16:04 IST" duration-ms="50556">
      <class name="com.saikumar.TestwithAmazon">
        <test-method is-config="true" signature="initialization()[pri:0, instance:com.saikumar.TestwithAmazon@18271936]" started-at="2022-10-04T17:15:11 IST" name="initialization" finished-at="2022-10-04T17:15:13 IST" duration-ms="2015" status="PASS">
          <reporter-output>
          </reporter-output>
        </test-method> <!-- initialization -->
        <test-method signature="register()[pri:1, instance:com.saikumar.TestwithAmazon@18271936]" started-at="2022-10-04T17:15:13 IST" name="register" finished-at="2022-10-04T17:15:17 IST" duration-ms="3907" status="PASS">
          <reporter-output>
          </reporter-output>
        </test-method> <!-- register -->
        <test-method is-config="true" signature="aftermethod()[pri:0, instance:com.saikumar.TestwithAmazon@18271936]" started-at="2022-10-04T17:15:17 IST" name="aftermethod" finished-at="2022-10-04T17:15:17 IST" duration-ms="1" status="PASS">
          <reporter-output>
          </reporter-output>
        </test-method> <!-- aftermethod -->
        <test-method signature="Login()[pri:2, instance:com.saikumar.TestwithAmazon@18271936]" started-at="2022-10-04T17:15:17 IST" name="Login" finished-at="2022-10-04T17:15:20 IST" duration-ms="2743" status="PASS">
          <reporter-output>
          </reporter-output>
        </test-method> <!-- Login -->
        <test-method is-config="true" signature="aftermethod()[pri:0, instance:com.saikumar.TestwithAmazon@18271936]" started-at="2022-10-04T17:15:20 IST" name="aftermethod" finished-at="2022-10-04T17:15:20 IST" duration-ms="1" status="PASS">
          <reporter-output>
          </reporter-output>
        </test-method> <!-- aftermethod -->
        <test-method signature="search()[pri:3, instance:com.saikumar.TestwithAmazon@18271936]" started-at="2022-10-04T17:15:20 IST" name="search" finished-at="2022-10-04T17:16:04 IST" duration-ms="43864" status="PASS">
          <reporter-output>
          </reporter-output>
        </test-method> <!-- search -->
        <test-method is-config="true" signature="aftermethod()[pri:0, instance:com.saikumar.TestwithAmazon@18271936]" started-at="2022-10-04T17:16:04 IST" name="aftermethod" finished-at="2022-10-04T17:16:04 IST" duration-ms="0" status="PASS">
          <reporter-output>
          </reporter-output>
        </test-method> <!-- aftermethod -->
        <test-method is-config="true" signature="afterclass()[pri:0, instance:com.saikumar.TestwithAmazon@18271936]" started-at="2022-10-04T17:16:04 IST" name="afterclass" finished-at="2022-10-04T17:16:04 IST" duration-ms="0" status="PASS">
          <reporter-output>
          </reporter-output>
        </test-method> <!-- afterclass -->
        <test-method is-config="true" signature="aftersuite()[pri:0, instance:com.saikumar.TestwithAmazon@18271936]" started-at="2022-10-04T17:16:04 IST" name="aftersuite" finished-at="2022-10-04T17:16:04 IST" duration-ms="1" status="PASS">
          <reporter-output>
          </reporter-output>
        </test-method> <!-- aftersuite -->
      </class> <!-- com.saikumar.TestwithAmazon -->
    </test> <!-- Default test -->
  </suite> <!-- Default suite -->
</testng-results>
